#
# There is insufficient memory for the Java Runtime Environment to continue.
# Native memory allocation (malloc) failed to allocate 57616 bytes for Chunk::new
# Possible reasons:
#   The system is out of physical RAM or swap space
#   In 32 bit mode, the process size limit was hit
# Possible solutions:
#   Reduce memory load on the system
#   Increase physical memory or swap space
#   Check if swap backing store is full
#   Use 64 bit Java on a 64 bit OS
#   Decrease Java heap size (-Xmx/-Xms)
#   Decrease number of Java threads
#   Decrease Java thread stack sizes (-Xss)
#   Set larger code cache with -XX:ReservedCodeCacheSize=
# This output file may be truncated or incomplete.
#
#  Out of Memory Error (allocation.cpp:390), pid=10612, tid=8556
#
# JRE version: Java(TM) SE Runtime Environment (8.0_40-b25) (build 1.8.0_40-b25)
# Java VM: Java HotSpot(TM) 64-Bit Server VM (25.40-b25 mixed mode windows-amd64 compressed oops)
# Failed to write core dump. Minidumps are not enabled by default on client versions of Windows
#

---------------  T H R E A D  ---------------

Current thread (0x000000005616a000):  JavaThread "C2 CompilerThread1" daemon [_thread_in_native, id=8556, stack(0x00000000570f0000,0x00000000571f0000)]

Stack: [0x00000000570f0000,0x00000000571f0000]
Native frames: (J=compiled Java code, j=interpreted, Vv=VM code, C=native code)
V  [jvm.dll+0x32b47a]
V  [jvm.dll+0x2797f3]
V  [jvm.dll+0x27a489]
V  [jvm.dll+0x2717a5]
V  [jvm.dll+0xcb9a2]
V  [jvm.dll+0xcbe6c]
V  [jvm.dll+0x476ef3]
V  [jvm.dll+0x4b950f]
V  [jvm.dll+0x46b6b5]
V  [jvm.dll+0x46ccbe]
V  [jvm.dll+0x4500d2]
V  [jvm.dll+0xa4312]
V  [jvm.dll+0xa4c4f]
V  [jvm.dll+0x241914]
V  [jvm.dll+0x29848a]
C  [msvcr100.dll+0x21d9f]
C  [msvcr100.dll+0x21e3b]
C  [kernel32.dll+0x159ed]
C  [ntdll.dll+0x2c541]


Current CompileTask:
C2:   2295 1207       4       com.android.dx.dex.code.OutputFinisher::addConstants (93 bytes)


---------------  P R O C E S S  ---------------

Java Threads: ( => current thread )
  0x00000000561e4000 JavaThread "Service Thread" daemon [_thread_blocked, id=10304, stack(0x0000000057210000,0x0000000057310000)]
  0x000000005616b800 JavaThread "C1 CompilerThread2" daemon [_thread_blocked, id=8800, stack(0x0000000057350000,0x0000000057450000)]
=>0x000000005616a000 JavaThread "C2 CompilerThread1" daemon [_thread_in_native, id=8556, stack(0x00000000570f0000,0x00000000571f0000)]
  0x0000000056162800 JavaThread "C2 CompilerThread0" daemon [_thread_in_native, id=6016, stack(0x0000000056e10000,0x0000000056f10000)]
  0x0000000054b83000 JavaThread "Attach Listener" daemon [_thread_blocked, id=6424, stack(0x0000000056fd0000,0x00000000570d0000)]
  0x0000000054b81800 JavaThread "Signal Dispatcher" daemon [_thread_blocked, id=8184, stack(0x0000000055d30000,0x0000000055e30000)]
  0x0000000054b26000 JavaThread "Finalizer" daemon [_thread_blocked, id=7192, stack(0x0000000056060000,0x0000000056160000)]
  0x0000000054b1f000 JavaThread "Reference Handler" daemon [_thread_blocked, id=11220, stack(0x0000000055ec0000,0x0000000055fc0000)]
  0x0000000001bee000 JavaThread "main" [_thread_in_Java, id=7676, stack(0x0000000001f20000,0x0000000002020000)]

Other Threads:
  0x0000000054b1b800 VMThread [stack: 0x0000000055c30000,0x0000000055d30000] [id=3956]
  0x0000000054b8f000 WatcherThread [stack: 0x0000000057620000,0x0000000057720000] [id=10060]

VM state:not at safepoint (normal execution)

VM Mutex/Monitor currently owned by a thread: None

Heap:
 PSYoungGen      total 18944K, used 9263K [0x00000000eab00000, 0x00000000ed000000, 0x0000000100000000)
  eden space 16384K, 41% used [0x00000000eab00000,0x00000000eb191418,0x00000000ebb00000)
  from space 2560K, 99% used [0x00000000ebb00000,0x00000000ebd7aba8,0x00000000ebd80000)
  to   space 2560K, 0% used [0x00000000ecd80000,0x00000000ecd80000,0x00000000ed000000)
 ParOldGen       total 44032K, used 8972K [0x00000000c0000000, 0x00000000c2b00000, 0x00000000eab00000)
  object space 44032K, 20% used [0x00000000c0000000,0x00000000c08c3300,0x00000000c2b00000)
 Metaspace       used 7322K, capacity 7812K, committed 7936K, reserved 1056768K
  class space    used 745K, capacity 756K, committed 768K, reserved 1048576K

Card table byte_map: [0x00000000116b0000,0x00000000118c0000] byte_map_base: 0x00000000110b0000

Marking Bits: (ParMarkBitMap*) 0x0000000056d64040
 Begin Bits: [0x0000000011f90000, 0x0000000012f90000)
 End Bits:   [0x0000000012f90000, 0x0000000013f90000)

Polling page: 0x0000000000130000

CodeCache: size=245760Kb used=6052Kb max_used=6062Kb free=239707Kb
 bounds [0x00000000022f0000, 0x00000000028f0000, 0x00000000112f0000]
 total_blobs=2159 nmethods=1871 adapters=202
 compilation: enabled

Compilation events (10 events):
Event: 1.965 Thread 0x000000005616b800 nmethod 1561 0x000000000284f1d0 code [0x000000000284f400, 0x000000000284ffb8]
Event: 1.965 Thread 0x0000000056162800 1586       4       com.android.dex.Dex$Section::writeInt (10 bytes)
Event: 1.965 Thread 0x000000005616b800 1562       3       java.lang.ClassLoader::compareCerts (149 bytes)
Event: 1.966 Thread 0x000000005616b800 nmethod 1562 0x00000000028489d0 code [0x0000000002848ba0, 0x0000000002849458]
Event: 1.967 Thread 0x0000000056162800 nmethod 1586 0x000000000284ec50 code [0x000000000284eda0, 0x000000000284ef38]
Event: 1.974 Thread 0x0000000056162800 1587       4       sun.nio.cs.UTF_8$Encoder::encode (359 bytes)
Event: 1.974 Thread 0x000000005616b800 1588       3       java.util.Date::normalize (110 bytes)
Event: 1.976 Thread 0x000000005616b800 nmethod 1588 0x0000000002851a90 code [0x0000000002851ce0, 0x0000000002852d38]
Event: 1.976 Thread 0x000000005616b800 1589   !   3       sun.misc.Resource::getBytes (242 bytes)
Event: 1.977 Thread 0x000000005616b800 nmethod 1589 0x0000000002853250 code [0x0000000002853540, 0x0000000002854e28]

GC Heap History (4 events):
Event: 1.229 GC heap before
{Heap before GC invocations=1 (full 0):
 PSYoungGen      total 18944K, used 16384K [0x00000000eab00000, 0x00000000ec000000, 0x0000000100000000)
  eden space 16384K, 100% used [0x00000000eab00000,0x00000000ebb00000,0x00000000ebb00000)
  from space 2560K, 0% used [0x00000000ebd80000,0x00000000ebd80000,0x00000000ec000000)
  to   space 2560K, 0% used [0x00000000ebb00000,0x00000000ebb00000,0x00000000ebd80000)
 ParOldGen       total 44032K, used 0K [0x00000000c0000000, 0x00000000c2b00000, 0x00000000eab00000)
  object space 44032K, 0% used [0x00000000c0000000,0x00000000c0000000,0x00000000c2b00000)
 Metaspace       used 5403K, capacity 6768K, committed 7040K, reserved 1056768K
  class space    used 547K, capacity 616K, committed 640K, reserved 1048576K
Event: 1.237 GC heap after
Heap after GC invocations=1 (full 0):
 PSYoungGen      total 18944K, used 2544K [0x00000000eab00000, 0x00000000ec000000, 0x0000000100000000)
  eden space 16384K, 0% used [0x00000000eab00000,0x00000000eab00000,0x00000000ebb00000)
  from space 2560K, 99% used [0x00000000ebb00000,0x00000000ebd7c048,0x00000000ebd80000)
  to   space 2560K, 0% used [0x00000000ebd80000,0x00000000ebd80000,0x00000000ec000000)
 ParOldGen       total 44032K, used 1876K [0x00000000c0000000, 0x00000000c2b00000, 0x00000000eab00000)
  object space 44032K, 4% used [0x00000000c0000000,0x00000000c01d5210,0x00000000c2b00000)
 Metaspace       used 5403K, capacity 6768K, committed 7040K, reserved 1056768K
  class space    used 547K, capacity 616K, committed 640K, reserved 1048576K
}
Event: 1.563 GC heap before
{Heap before GC invocations=2 (full 0):
 PSYoungGen      total 18944K, used 16478K [0x00000000eab00000, 0x00000000ec000000, 0x0000000100000000)
  eden space 16384K, 85% used [0x00000000eab00000,0x00000000eb89baa0,0x00000000ebb00000)
  from space 2560K, 99% used [0x00000000ebb00000,0x00000000ebd7c048,0x00000000ebd80000)
  to   space 2560K, 0% used [0x00000000ebd80000,0x00000000ebd80000,0x00000000ec000000)
 ParOldGen       total 44032K, used 1876K [0x00000000c0000000, 0x00000000c2b00000, 0x00000000eab00000)
  object space 44032K, 4% used [0x00000000c0000000,0x00000000c01d5210,0x00000000c2b00000)
 Metaspace       used 5507K, capacity 6832K, committed 7040K, reserved 1056768K
  class space    used 549K, capacity 616K, committed 640K, reserved 1048576K
Event: 1.573 GC heap after
Heap after GC invocations=2 (full 0):
 PSYoungGen      total 18944K, used 2549K [0x00000000eab00000, 0x00000000ed000000, 0x0000000100000000)
  eden space 16384K, 0% used [0x00000000eab00000,0x00000000eab00000,0x00000000ebb00000)
  from space 2560K, 99% used [0x00000000ebd80000,0x00000000ebffd658,0x00000000ec000000)
  to   space 2560K, 0% used [0x00000000ebb00000,0x00000000ebb00000,0x00000000ebd80000)
 ParOldGen       total 44032K, used 5725K [0x00000000c0000000, 0x00000000c2b00000, 0x00000000eab00000)
  object space 44032K, 13% used [0x00000000c0000000,0x00000000c05974c8,0x00000000c2b00000)
 Metaspace       used 5507K, capacity 6832K, committed 7040K, reserved 1056768K
  class space    used 549K, capacity 616K, committed 640K, reserved 1048576K
}

Deoptimization events (10 events):
Event: 1.788 Thread 0x0000000001bee000 Uncommon trap: reason=unstable_if action=reinterpret pc=0x00000000027cb214 method=com.android.dx.util.ByteArrayAnnotatedOutput.writeByte(I)V @ 13
Event: 1.866 Thread 0x0000000001bee000 Uncommon trap: reason=unstable_if action=reinterpret pc=0x00000000026348dc method=java.util.Arrays.copyOf([Ljava/lang/Object;ILjava/lang/Class;)[Ljava/lang/Object; @ 3
Event: 1.875 Thread 0x0000000001bee000 Uncommon trap: reason=speculate_class_check action=maybe_recompile pc=0x000000000274fe84 method=java.util.HashMap.putVal(ILjava/lang/Object;Ljava/lang/Object;ZZ)Ljava/lang/Object; @ 56
Event: 1.876 Thread 0x0000000001bee000 Uncommon trap: reason=speculate_class_check action=maybe_recompile pc=0x000000000274fee4 method=java.util.HashMap.putVal(ILjava/lang/Object;Ljava/lang/Object;ZZ)Ljava/lang/Object; @ 152
Event: 1.876 Thread 0x0000000001bee000 Uncommon trap: reason=speculate_class_check action=maybe_recompile pc=0x000000000274fe84 method=java.util.HashMap.putVal(ILjava/lang/Object;Ljava/lang/Object;ZZ)Ljava/lang/Object; @ 56
Event: 1.876 Thread 0x0000000001bee000 Uncommon trap: reason=speculate_class_check action=maybe_recompile pc=0x000000000274fe84 method=java.util.HashMap.putVal(ILjava/lang/Object;Ljava/lang/Object;ZZ)Ljava/lang/Object; @ 56
Event: 1.876 Thread 0x0000000001bee000 Uncommon trap: reason=class_check action=maybe_recompile pc=0x0000000002769c14 method=java.util.HashMap.putVal(ILjava/lang/Object;Ljava/lang/Object;ZZ)Ljava/lang/Object; @ 56
Event: 1.876 Thread 0x0000000001bee000 Uncommon trap: reason=class_check action=maybe_recompile pc=0x0000000002769c14 method=java.util.HashMap.putVal(ILjava/lang/Object;Ljava/lang/Object;ZZ)Ljava/lang/Object; @ 56
Event: 1.955 Thread 0x0000000001bee000 Uncommon trap: reason=unstable_if action=reinterpret pc=0x00000000027ecfac method=java.util.HashMap.putVal(ILjava/lang/Object;Ljava/lang/Object;ZZ)Ljava/lang/Object; @ 162
Event: 1.955 Thread 0x0000000001bee000 Uncommon trap: reason=unstable_if action=reinterpret pc=0x00000000027f544c method=java.util.HashMap.putVal(ILjava/lang/Object;Ljava/lang/Object;ZZ)Ljava/lang/Object; @ 162

Internal exceptions (2 events):
Event: 0.309 Thread 0x0000000001bee000 Exception <a 'java/lang/NoSuchMethodError': Method sun.misc.Unsafe.defineClass(Ljava/lang/String;[BII)Ljava/lang/Class; name or signature does not match> (0x00000000eab0d3a8) thrown at [D:\re\workspace\8-2-build-windows-amd64-cygwin\jdk8u40\2855\hotspot\srèÚ§`~ÊÓ?
Event: 0.309 Thread 0x0000000001bee000 Exception <a 'java/lang/NoSuchMethodError': Method sun.misc.Unsafe.prefetchRead(Ljava/lang/Object;J)V name or signature does not match> (0x00000000eab0d638) thrown at [D:\re\workspace\8-2-build-windows-amd64-cygwin\jdk8u40\2855\hotspot\src\share\vm\prims\j

Events (10 events):
Event: 1.976 loading class com/android/dx/io/instructions/InstructionCodec$10
Event: 1.976 loading class com/android/dx/io/instructions/InstructionCodec$10 done
Event: 1.976 loading class com/android/dx/io/instructions/InstructionCodec$11
Event: 1.976 loading class com/android/dx/io/instructions/InstructionCodec$11 done
Event: 1.977 loading class com/android/dx/io/instructions/InstructionCodec$12
Event: 1.977 loading class com/android/dx/io/instructions/InstructionCodec$12 done
Event: 1.977 loading class com/android/dx/io/instructions/InstructionCodec$13
Event: 1.977 loading class com/android/dx/io/instructions/InstructionCodec$13 done
Event: 1.978 loading class com/android/dx/io/instructions/InstructionCodec$14
Event: 1.978 loading class com/android/dx/io/instructions/InstructionCodec$14 done


Dynamic libraries:
0x000000013f2a0000 - 0x000000013f2d7000 	C:\Program Files\Java\jdk1.8.0_40\bin\java.exe
0x0000000077890000 - 0x0000000077a39000 	C:\Windows\SYSTEM32\ntdll.dll
0x0000000077670000 - 0x000000007778f000 	C:\Windows\system32\kernel32.dll
0x000007fefd9a0000 - 0x000007fefda0c000 	C:\Windows\system32\KERNELBASE.dll
0x000007feff4f0000 - 0x000007feff5cb000 	C:\Windows\system32\ADVAPI32.dll
0x000007fefe9b0000 - 0x000007fefea4f000 	C:\Windows\system32\msvcrt.dll
0x000007fefe990000 - 0x000007fefe9af000 	C:\Windows\SYSTEM32\sechost.dll
0x000007feff5d0000 - 0x000007feff6fd000 	C:\Windows\system32\RPCRT4.dll
0x0000000077790000 - 0x000000007788a000 	C:\Windows\system32\USER32.dll
0x000007feff110000 - 0x000007feff177000 	C:\Windows\system32\GDI32.dll
0x000007feff700000 - 0x000007feff70e000 	C:\Windows\system32\LPK.dll
0x000007fefdb00000 - 0x000007fefdbc9000 	C:\Windows\system32\USP10.dll
0x000007fefbf20000 - 0x000007fefc114000 	C:\Windows\WinSxS\amd64_microsoft.windows.common-controls_6595b64144ccf1df_6.0.7601.17514_none_fa396087175ac9ac\COMCTL32.dll
0x000007fefea50000 - 0x000007fefeac1000 	C:\Windows\system32\SHLWAPI.dll
0x000007fefe960000 - 0x000007fefe98e000 	C:\Windows\system32\IMM32.DLL
0x000007feffa90000 - 0x000007feffb99000 	C:\Windows\system32\MSCTF.dll
0x000000005bb20000 - 0x000000005bbf2000 	C:\Program Files\Java\jdk1.8.0_40\jre\bin\msvcr100.dll
0x0000000056560000 - 0x0000000056de3000 	C:\Program Files\Java\jdk1.8.0_40\jre\bin\server\jvm.dll
0x000007fef4e60000 - 0x000007fef4e69000 	C:\Windows\system32\WSOCK32.dll
0x000007fefda10000 - 0x000007fefda5d000 	C:\Windows\system32\WS2_32.dll
0x000007feff710000 - 0x000007feff718000 	C:\Windows\system32\NSI.dll
0x000007fefb160000 - 0x000007fefb19b000 	C:\Windows\system32\WINMM.dll
0x000007fefc7f0000 - 0x000007fefc7fc000 	C:\Windows\system32\VERSION.dll
0x0000000077a60000 - 0x0000000077a67000 	C:\Windows\system32\PSAPI.DLL
0x0000000072fe0000 - 0x0000000072fef000 	C:\Program Files\Java\jdk1.8.0_40\jre\bin\verify.dll
0x000000005f460000 - 0x000000005f489000 	C:\Program Files\Java\jdk1.8.0_40\jre\bin\java.dll
0x000000005f220000 - 0x000000005f236000 	C:\Program Files\Java\jdk1.8.0_40\jre\bin\zip.dll
0x000007fefdbd0000 - 0x000007fefe959000 	C:\Windows\system32\SHELL32.dll
0x000007fefeb70000 - 0x000007fefed73000 	C:\Windows\system32\ole32.dll
0x000007fefd660000 - 0x000007fefd66f000 	C:\Windows\system32\profapi.dll
0x000007fefc410000 - 0x000007fefc535000 	C:\Windows\system32\dbghelp.dll

VM Arguments:
jvm_args: -Xmx1024M -Dfile.encoding=windows-1252 -Duser.country=ES -Duser.language=es -Duser.variant 
java_command: com.android.dx.command.Main --dex --output D:\Mis cosas\Universidad\Android\Guiame\trunk\app\build\intermediates\dex\debug D:\Mis cosas\Universidad\Android\Guiame\trunk\app\build\intermediates\classes\debug D:\Mis cosas\Universidad\Android\Guiame\trunk\app\build\intermediates\pre-dexed\debug\support-annotations-22.0.0-dea4348d30921d5f934ede470c40682fd8784866.jar D:\Mis cosas\Universidad\Android\Guiame\trunk\app\build\intermediates\pre-dexed\debug\internal_impl-22.0.0-e70fd32faf02de8cb875e1444f9683aaeffca41c.jar D:\Mis cosas\Universidad\Android\Guiame\trunk\app\build\intermediates\pre-dexed\debug\classes-357b800dac693bc2975f2c0f6d0e35d04d2d3320.jar D:\Mis cosas\Universidad\Android\Guiame\trunk\app\build\intermediates\pre-dexed\debug\classes-7119500ffe69f651f181c66acc2aa2929c6de329.jar D:\Mis cosas\Universidad\Android\Guiame\trunk\app\build\intermediates\pre-dexed\debug\classes-ec00773b20d83febdf6a32b5911caf56de70909f.jar
java_class_path (initial): C:\Program Files\Android\Android Studio\sdk\build-tools\22.0.0\lib\dx.jar
Launcher Type: SUN_STANDARD

Environment Variables:
JAVA_HOME=C:\Program Files\Java\jdk1.8.0_40;C:\Program Files\Java\jdk1.7.0_75
CLASSPATH=C:\Program Files\Android\Android Studio\sdk\SDK Manager.exe
USERNAME=Agustina
OS=Windows_NT
PROCESSOR_IDENTIFIER=AMD64 Family 16 Model 5 Stepping 3, AuthenticAMD



---------------  S Y S T E M  ---------------

OS: Windows 7 , 64 bit Build 7601 (6.1.7601.18409)

CPU:total 4 (4 cores per cpu, 1 threads per core) family 16 model 5 stepping 3, cmov, cx8, fxsr, mmx, sse, sse2, sse3, popcnt, mmxext, 3dnowpref, lzcnt, sse4a, tsc, tscinvbit, tscinv

Memory: 4k page, physical 4192732k(225172k free), swap 8896292k(5712k free)

vm_info: Java HotSpot(TM) 64-Bit Server VM (25.40-b25) for windows-amd64 JRE (1.8.0_40-b25), built on Feb 10 2015 21:53:57 by "java_re" with MS VC++ 10.0 (VS2010)

time: Sun Apr 05 00:06:06 2015
elapsed time: 2 seconds (0d 0h 0m 2s)

