#
# There is insufficient memory for the Java Runtime Environment to continue.
# Native memory allocation (malloc) failed to allocate 1482576 bytes for Chunk::new
# Possible reasons:
#   The system is out of physical RAM or swap space
#   In 32 bit mode, the process size limit was hit
# Possible solutions:
#   Reduce memory load on the system
#   Increase physical memory or swap space
#   Check if swap backing store is full
#   Use 64 bit Java on a 64 bit OS
#   Decrease Java heap size (-Xmx/-Xms)
#   Decrease number of Java threads
#   Decrease Java thread stack sizes (-Xss)
#   Set larger code cache with -XX:ReservedCodeCacheSize=
# This output file may be truncated or incomplete.
#
#  Out of Memory Error (allocation.cpp:390), pid=11156, tid=5712
#
# JRE version: Java(TM) SE Runtime Environment (8.0_40-b25) (build 1.8.0_40-b25)
# Java VM: Java HotSpot(TM) 64-Bit Server VM (25.40-b25 mixed mode windows-amd64 compressed oops)
# Failed to write core dump. Minidumps are not enabled by default on client versions of Windows
#

---------------  T H R E A D  ---------------

Current thread (0x0000000054bf8800):  JavaThread "C2 CompilerThread1" daemon [_thread_in_native, id=5712, stack(0x0000000056fe0000,0x00000000570e0000)]

Stack: [0x0000000056fe0000,0x00000000570e0000]
Native frames: (J=compiled Java code, j=interpreted, Vv=VM code, C=native code)
V  [jvm.dll+0x32b47a]


Current CompileTask:
C2:  16934 1779   !   4       com.android.dx.cf.code.Ropper::processBlock (1101 bytes)


---------------  P R O C E S S  ---------------

Java Threads: ( => current thread )
  0x0000000057163000 JavaThread "Service Thread" daemon [_thread_blocked, id=9548, stack(0x0000000057650000,0x0000000057750000)]
  0x0000000054bf9800 JavaThread "C1 CompilerThread2" daemon [_thread_blocked, id=6376, stack(0x0000000056170000,0x0000000056270000)]
=>0x0000000054bf8800 JavaThread "C2 CompilerThread1" daemon [_thread_in_native, id=5712, stack(0x0000000056fe0000,0x00000000570e0000)]
  0x0000000054bf4800 JavaThread "C2 CompilerThread0" daemon [_thread_in_native, id=6728, stack(0x0000000056e40000,0x0000000056f40000)]
  0x0000000054bf0000 JavaThread "Attach Listener" daemon [_thread_blocked, id=1100, stack(0x00000000563b0000,0x00000000564b0000)]
  0x0000000054bee800 JavaThread "Signal Dispatcher" daemon [_thread_blocked, id=5140, stack(0x0000000056280000,0x0000000056380000)]
  0x0000000054b90000 JavaThread "Finalizer" daemon [_thread_blocked, id=2592, stack(0x0000000055fa0000,0x00000000560a0000)]
  0x0000000054b8e800 JavaThread "Reference Handler" daemon [_thread_blocked, id=6588, stack(0x0000000055e10000,0x0000000055f10000)]
  0x0000000001ddd800 JavaThread "main" [_thread_in_Java, id=7580, stack(0x0000000002180000,0x0000000002280000)]

Other Threads:
  0x0000000054b8b000 VMThread [stack: 0x0000000055ca0000,0x0000000055da0000] [id=4532]
  0x0000000057101800 WatcherThread [stack: 0x0000000057850000,0x0000000057950000] [id=7896]

VM state:not at safepoint (normal execution)

VM Mutex/Monitor currently owned by a thread: None

Heap:
 PSYoungGen      total 123904K, used 66875K [0x00000000eab00000, 0x00000000f6c80000, 0x0000000100000000)
  eden space 97280K, 68% used [0x00000000eab00000,0x00000000eec4ece0,0x00000000f0a00000)
  from space 26624K, 0% used [0x00000000f3080000,0x00000000f3080000,0x00000000f4a80000)
  to   space 39424K, 0% used [0x00000000f0a00000,0x00000000f0a00000,0x00000000f3080000)
 ParOldGen       total 97792K, used 50941K [0x00000000c0000000, 0x00000000c5f80000, 0x00000000eab00000)
  object space 97792K, 52% used [0x00000000c0000000,0x00000000c31bf770,0x00000000c5f80000)
 Metaspace       used 5698K, capacity 6960K, committed 7040K, reserved 1056768K
  class space    used 550K, capacity 616K, committed 640K, reserved 1048576K

Card table byte_map: [0x0000000011910000,0x0000000011b20000] byte_map_base: 0x0000000011310000

Marking Bits: (ParMarkBitMap*) 0x0000000056d64040
 Begin Bits: [0x0000000012000000, 0x0000000013000000)
 End Bits:   [0x0000000013000000, 0x0000000014000000)

Polling page: 0x0000000000320000

CodeCache: size=245760Kb used=8296Kb max_used=8315Kb free=237463Kb
 bounds [0x0000000002550000, 0x0000000002d80000, 0x0000000011550000]
 total_blobs=2005 nmethods=1741 adapters=178
 compilation: enabled

Compilation events (10 events):
Event: 16.465 Thread 0x0000000054bf9800 1776       3       com.android.dx.ssa.back.InterferenceGraph::<init> (42 bytes)
Event: 16.466 Thread 0x0000000054bf9800 nmethod 1776 0x0000000002d68590 code [0x0000000002d687c0, 0x0000000002d694b8]
Event: 16.469 Thread 0x0000000054bf4800 nmethod 1648 0x0000000002d69c90 code [0x0000000002d69fc0, 0x0000000002d6c7d8]
Event: 16.471 Thread 0x0000000054bf9800 1777       3       com.android.dx.dex.code.RopTranslator$TranslationVisitor::visitThrowingInsn (118 bytes)
Event: 16.497 Thread 0x0000000054bf9800 nmethod 1777 0x0000000002d65b90 code [0x0000000002d65ea0, 0x0000000002d67768]
Event: 16.502 Thread 0x0000000054bf4800 1775   !   4       com.android.dx.cf.code.BytecodeArray::parseInstruction (2764 bytes)
Event: 16.529 Thread 0x0000000054bf9800 1781       3       com.android.dx.rop.code.Rops::opOr (21 bytes)
Event: 16.529 Thread 0x0000000054bf9800 nmethod 1781 0x0000000002d657d0 code [0x0000000002d65940, 0x0000000002d65b08]
Event: 16.578 Thread 0x0000000054bf8800 nmethod 1769% 0x0000000002d73150 code [0x0000000002d73400, 0x0000000002d753e8]
Event: 16.578 Thread 0x0000000054bf8800 1779   !   4       com.android.dx.cf.code.Ropper::processBlock (1101 bytes)

GC Heap History (10 events):
Event: 6.336 GC heap before
{Heap before GC invocations=4 (full 1):
 PSYoungGen      total 35328K, used 2532K [0x00000000eab00000, 0x00000000ef000000, 0x0000000100000000)
  eden space 32768K, 0% used [0x00000000eab00000,0x00000000eab00000,0x00000000ecb00000)
  from space 2560K, 98% used [0x00000000ecb00000,0x00000000ecd79208,0x00000000ecd80000)
  to   space 2560K, 0% used [0x00000000eed80000,0x00000000eed80000,0x00000000ef000000)
 ParOldGen       total 44032K, used 41135K [0x00000000c0000000, 0x00000000c2b00000, 0x00000000eab00000)
  object space 44032K, 93% used [0x00000000c0000000,0x00000000c282bc98,0x00000000c2b00000)
 Metaspace       used 5217K, capacity 6576K, committed 6784K, reserved 1056768K
  class space    used 538K, capacity 616K, committed 640K, reserved 1048576K
Event: 7.022 GC heap after
Heap after GC invocations=4 (full 1):
 PSYoungGen      total 35328K, used 0K [0x00000000eab00000, 0x00000000ef000000, 0x0000000100000000)
  eden space 32768K, 0% used [0x00000000eab00000,0x00000000eab00000,0x00000000ecb00000)
  from space 2560K, 0% used [0x00000000ecb00000,0x00000000ecb00000,0x00000000ecd80000)
  to   space 2560K, 0% used [0x00000000eed80000,0x00000000eed80000,0x00000000ef000000)
 ParOldGen       total 84480K, used 39912K [0x00000000c0000000, 0x00000000c5280000, 0x00000000eab00000)
  object space 84480K, 47% used [0x00000000c0000000,0x00000000c26fa2a0,0x00000000c5280000)
 Metaspace       used 5217K, capacity 6576K, committed 6784K, reserved 1056768K
  class space    used 538K, capacity 616K, committed 640K, reserved 1048576K
}
Event: 7.526 GC heap before
{Heap before GC invocations=5 (full 1):
 PSYoungGen      total 35328K, used 32768K [0x00000000eab00000, 0x00000000ef000000, 0x0000000100000000)
  eden space 32768K, 100% used [0x00000000eab00000,0x00000000ecb00000,0x00000000ecb00000)
  from space 2560K, 0% used [0x00000000ecb00000,0x00000000ecb00000,0x00000000ecd80000)
  to   space 2560K, 0% used [0x00000000eed80000,0x00000000eed80000,0x00000000ef000000)
 ParOldGen       total 84480K, used 39912K [0x00000000c0000000, 0x00000000c5280000, 0x00000000eab00000)
  object space 84480K, 47% used [0x00000000c0000000,0x00000000c26fa2a0,0x00000000c5280000)
 Metaspace       used 5310K, capacity 6640K, committed 6784K, reserved 1056768K
  class space    used 540K, capacity 616K, committed 640K, reserved 1048576K
Event: 7.976 GC heap after
Heap after GC invocations=5 (full 1):
 PSYoungGen      total 62976K, used 2560K [0x00000000eab00000, 0x00000000ef000000, 0x0000000100000000)
  eden space 60416K, 0% used [0x00000000eab00000,0x00000000eab00000,0x00000000ee600000)
  from space 2560K, 100% used [0x00000000eed80000,0x00000000ef000000,0x00000000ef000000)
  to   space 2560K, 0% used [0x00000000eeb00000,0x00000000eeb00000,0x00000000eed80000)
 ParOldGen       total 84480K, used 43618K [0x00000000c0000000, 0x00000000c5280000, 0x00000000eab00000)
  object space 84480K, 51% used [0x00000000c0000000,0x00000000c2a98a90,0x00000000c5280000)
 Metaspace       used 5310K, capacity 6640K, committed 6784K, reserved 1056768K
  class space    used 540K, capacity 616K, committed 640K, reserved 1048576K
}
Event: 9.797 GC heap before
{Heap before GC invocations=6 (full 1):
 PSYoungGen      total 62976K, used 62976K [0x00000000eab00000, 0x00000000ef000000, 0x0000000100000000)
  eden space 60416K, 100% used [0x00000000eab00000,0x00000000ee600000,0x00000000ee600000)
  from space 2560K, 100% used [0x00000000eed80000,0x00000000ef000000,0x00000000ef000000)
  to   space 2560K, 0% used [0x00000000eeb00000,0x00000000eeb00000,0x00000000eed80000)
 ParOldGen       total 84480K, used 43618K [0x00000000c0000000, 0x00000000c5280000, 0x00000000eab00000)
  object space 84480K, 51% used [0x00000000c0000000,0x00000000c2a98a90,0x00000000c5280000)
 Metaspace       used 5564K, capacity 6832K, committed 7040K, reserved 1056768K
  class space    used 548K, capacity 616K, committed 640K, reserved 1048576K
Event: 10.149 GC heap after
Heap after GC invocations=6 (full 1):
 PSYoungGen      total 68096K, used 2528K [0x00000000eab00000, 0x00000000f4a80000, 0x0000000100000000)
  eden space 65536K, 0% used [0x00000000eab00000,0x00000000eab00000,0x00000000eeb00000)
  from space 2560K, 98% used [0x00000000eeb00000,0x00000000eed78010,0x00000000eed80000)
  to   space 26624K, 0% used [0x00000000f3080000,0x00000000f3080000,0x00000000f4a80000)
 ParOldGen       total 84480K, used 56536K [0x00000000c0000000, 0x00000000c5280000, 0x00000000eab00000)
  object space 84480K, 66% used [0x00000000c0000000,0x00000000c3736118,0x00000000c5280000)
 Metaspace       used 5564K, capacity 6832K, committed 7040K, reserved 1056768K
  class space    used 548K, capacity 616K, committed 640K, reserved 1048576K
}
Event: 12.681 GC heap before
{Heap before GC invocations=7 (full 1):
 PSYoungGen      total 68096K, used 68064K [0x00000000eab00000, 0x00000000f4a80000, 0x0000000100000000)
  eden space 65536K, 100% used [0x00000000eab00000,0x00000000eeb00000,0x00000000eeb00000)
  from space 2560K, 98% used [0x00000000eeb00000,0x00000000eed78010,0x00000000eed80000)
  to   space 26624K, 0% used [0x00000000f3080000,0x00000000f3080000,0x00000000f4a80000)
 ParOldGen       total 84480K, used 56536K [0x00000000c0000000, 0x00000000c5280000, 0x00000000eab00000)
  object space 84480K, 66% used [0x00000000c0000000,0x00000000c3736118,0x00000000c5280000)
 Metaspace       used 5564K, capacity 6832K, committed 7040K, reserved 1056768K
  class space    used 548K, capacity 616K, committed 640K, reserved 1048576K
Event: 14.498 GC heap after
Heap after GC invocations=7 (full 1):
 PSYoungGen      total 123904K, used 26610K [0x00000000eab00000, 0x00000000f6c80000, 0x0000000100000000)
  eden space 97280K, 0% used [0x00000000eab00000,0x00000000eab00000,0x00000000f0a00000)
  from space 26624K, 99% used [0x00000000f3080000,0x00000000f4a7cbe8,0x00000000f4a80000)
  to   space 39424K, 0% used [0x00000000f0a00000,0x00000000f0a00000,0x00000000f3080000)
 ParOldGen       total 84480K, used 70768K [0x00000000c0000000, 0x00000000c5280000, 0x00000000eab00000)
  object space 84480K, 83% used [0x00000000c0000000,0x00000000c451c118,0x00000000c5280000)
 Metaspace       used 5564K, capacity 6832K, committed 7040K, reserved 1056768K
  class space    used 548K, capacity 616K, committed 640K, reserved 1048576K
}
Event: 14.498 GC heap before
{Heap before GC invocations=8 (full 2):
 PSYoungGen      total 123904K, used 26610K [0x00000000eab00000, 0x00000000f6c80000, 0x0000000100000000)
  eden space 97280K, 0% used [0x00000000eab00000,0x00000000eab00000,0x00000000f0a00000)
  from space 26624K, 99% used [0x00000000f3080000,0x00000000f4a7cbe8,0x00000000f4a80000)
  to   space 39424K, 0% used [0x00000000f0a00000,0x00000000f0a00000,0x00000000f3080000)
 ParOldGen       total 84480K, used 70768K [0x00000000c0000000, 0x00000000c5280000, 0x00000000eab00000)
  object space 84480K, 83% used [0x00000000c0000000,0x00000000c451c118,0x00000000c5280000)
 Metaspace       used 5564K, capacity 6832K, committed 7040K, reserved 1056768K
  class space    used 548K, capacity 616K, committed 640K, reserved 1048576K
Event: 15.461 GC heap after
Heap after GC invocations=8 (full 2):
 PSYoungGen      total 123904K, used 0K [0x00000000eab00000, 0x00000000f6c80000, 0x0000000100000000)
  eden space 97280K, 0% used [0x00000000eab00000,0x00000000eab00000,0x00000000f0a00000)
  from space 26624K, 0% used [0x00000000f3080000,0x00000000f3080000,0x00000000f4a80000)
  to   space 39424K, 0% used [0x00000000f0a00000,0x00000000f0a00000,0x00000000f3080000)
 ParOldGen       total 97792K, used 50941K [0x00000000c0000000, 0x00000000c5f80000, 0x00000000eab00000)
  object space 97792K, 52% used [0x00000000c0000000,0x00000000c31bf770,0x00000000c5f80000)
 Metaspace       used 5564K, capacity 6832K, committed 7040K, reserved 1056768K
  class space    used 548K, capacity 616K, committed 640K, reserved 1048576K
}

Deoptimization events (10 events):
Event: 16.312 Thread 0x0000000001ddd800 Uncommon trap: reason=class_check action=maybe_recompile pc=0x0000000002af67d8 method=com.android.dx.ssa.NormalSsaInsn.accept(Lcom/android/dx/ssa/SsaInsn$Visitor;)V @ 9
Event: 16.312 Thread 0x0000000001ddd800 Uncommon trap: reason=class_check action=maybe_recompile pc=0x0000000002af67d8 method=com.android.dx.ssa.NormalSsaInsn.accept(Lcom/android/dx/ssa/SsaInsn$Visitor;)V @ 9
Event: 16.312 Thread 0x0000000001ddd800 Uncommon trap: reason=class_check action=maybe_recompile pc=0x0000000002af67d8 method=com.android.dx.ssa.NormalSsaInsn.accept(Lcom/android/dx/ssa/SsaInsn$Visitor;)V @ 9
Event: 16.392 Thread 0x0000000001ddd800 Uncommon trap: reason=null_check action=make_not_entrant pc=0x0000000002c1818c method=com.android.dx.cf.code.Ropper$CatchInfo.getSetup(Lcom/android/dx/rop/type/Type;)Lcom/android/dx/cf/code/Ropper$ExceptionHandlerSetup; @ 10
Event: 16.394 Thread 0x0000000001ddd800 Uncommon trap: reason=unstable_if action=reinterpret pc=0x0000000002c3f250 method=com.android.dx.ssa.back.IdenticalBlockCombiner.combineBlocks(ILcom/android/dx/util/IntList;)V @ 11
Event: 16.428 Thread 0x0000000001ddd800 Uncommon trap: reason=unstable_if action=reinterpret pc=0x0000000002bafd1c method=com.android.dx.cf.code.Merger.mergeType(Lcom/android/dx/rop/type/TypeBearer;Lcom/android/dx/rop/type/TypeBearer;)Lcom/android/dx/rop/type/TypeBearer; @ 52
Event: 16.452 Thread 0x0000000001ddd800 Uncommon trap: reason=bimorphic action=maybe_recompile pc=0x0000000002bdf5c4 method=com.android.dx.cf.code.BytecodeArray.parseInstruction(ILcom/android/dx/cf/code/BytecodeArray$Visitor;)I @ 1501
Event: 16.452 Thread 0x0000000001ddd800 Uncommon trap: reason=bimorphic action=maybe_recompile pc=0x0000000002bdf5c4 method=com.android.dx.cf.code.BytecodeArray.parseInstruction(ILcom/android/dx/cf/code/BytecodeArray$Visitor;)I @ 1501
Event: 16.457 Thread 0x0000000001ddd800 Uncommon trap: reason=bimorphic action=maybe_recompile pc=0x0000000002be0004 method=com.android.dx.cf.code.BytecodeArray.parseInstruction(ILcom/android/dx/cf/code/BytecodeArray$Visitor;)I @ 1357
Event: 16.459 Thread 0x0000000001ddd800 Uncommon trap: reason=bimorphic action=maybe_recompile pc=0x0000000002be0004 method=com.android.dx.cf.code.BytecodeArray.parseInstruction(ILcom/android/dx/cf/code/BytecodeArray$Visitor;)I @ 1357

Internal exceptions (4 events):
Event: 0.566 Thread 0x0000000001ddd800 Exception <a 'java/lang/NoSuchMethodError': Method sun.misc.Unsafe.defineClass(Ljava/lang/String;[BII)Ljava/lang/Class; name or signature does not match> (0x00000000eab0ced8) thrown at [D:\re\workspace\8-2-build-windows-amd64-cygwin\jdk8u40\2855\hotspot\sr‡Ê^@!‚?
Event: 0.567 Thread 0x0000000001ddd800 Exception <a 'java/lang/NoSuchMethodError': Method sun.misc.Unsafe.prefetchRead(Ljava/lang/Object;J)V name or signature does not match> (0x00000000eab0d168) thrown at [D:\re\workspace\8-2-build-windows-amd64-cygwin\jdk8u40\2855\hotspot\src\share\vm\prims\jÊ;ç‘¶Œ @
Event: 8.404 Thread 0x0000000001ddd800 Implicit null exception at 0x00000000028ca265 to 0x00000000028caf6f
Event: 16.392 Thread 0x0000000001ddd800 Implicit null exception at 0x0000000002c13da4 to 0x0000000002c1814d

Events (10 events):
Event: 16.452 Thread 0x0000000001ddd800 DEOPT UNPACKING pc=0x000000000259582a sp=0x000000000227e850 mode 2
Event: 16.452 Thread 0x0000000001ddd800 Uncommon trap: trap_request=0xffffffc6 fr.pc=0x0000000002bdf5c4
Event: 16.452 Thread 0x0000000001ddd800 DEOPT PACKING pc=0x0000000002bdf5c4 sp=0x000000000227e690
Event: 16.452 Thread 0x0000000001ddd800 DEOPT UNPACKING pc=0x000000000259582a sp=0x000000000227e650 mode 2
Event: 16.457 Thread 0x0000000001ddd800 Uncommon trap: trap_request=0xffffffc6 fr.pc=0x0000000002be0004
Event: 16.457 Thread 0x0000000001ddd800 DEOPT PACKING pc=0x0000000002be0004 sp=0x000000000227e890
Event: 16.457 Thread 0x0000000001ddd800 DEOPT UNPACKING pc=0x000000000259582a sp=0x000000000227e850 mode 2
Event: 16.459 Thread 0x0000000001ddd800 Uncommon trap: trap_request=0xffffffc6 fr.pc=0x0000000002be0004
Event: 16.459 Thread 0x0000000001ddd800 DEOPT PACKING pc=0x0000000002be0004 sp=0x000000000227e690
Event: 16.459 Thread 0x0000000001ddd800 DEOPT UNPACKING pc=0x000000000259582a sp=0x000000000227e650 mode 2


Dynamic libraries:
0x000000013f460000 - 0x000000013f497000 	C:\Program Files\Java\jdk1.8.0_40\bin\java.exe
0x0000000077890000 - 0x0000000077a39000 	C:\Windows\SYSTEM32\ntdll.dll
0x0000000077670000 - 0x000000007778f000 	C:\Windows\system32\kernel32.dll
0x000007fefd9a0000 - 0x000007fefda0c000 	C:\Windows\system32\KERNELBASE.dll
0x000007feff4f0000 - 0x000007feff5cb000 	C:\Windows\system32\ADVAPI32.dll
0x000007fefe9b0000 - 0x000007fefea4f000 	C:\Windows\system32\msvcrt.dll
0x000007fefe990000 - 0x000007fefe9af000 	C:\Windows\SYSTEM32\sechost.dll
0x000007feff5d0000 - 0x000007feff6fd000 	C:\Windows\system32\RPCRT4.dll
0x0000000077790000 - 0x000000007788a000 	C:\Windows\system32\USER32.dll
0x000007feff110000 - 0x000007feff177000 	C:\Windows\system32\GDI32.dll
0x000007feff700000 - 0x000007feff70e000 	C:\Windows\system32\LPK.dll
0x000007fefdb00000 - 0x000007fefdbc9000 	C:\Windows\system32\USP10.dll
0x000007fefbf20000 - 0x000007fefc114000 	C:\Windows\WinSxS\amd64_microsoft.windows.common-controls_6595b64144ccf1df_6.0.7601.17514_none_fa396087175ac9ac\COMCTL32.dll
0x000007fefea50000 - 0x000007fefeac1000 	C:\Windows\system32\SHLWAPI.dll
0x000007fefe960000 - 0x000007fefe98e000 	C:\Windows\system32\IMM32.DLL
0x000007feffa90000 - 0x000007feffb99000 	C:\Windows\system32\MSCTF.dll
0x000000005cfb0000 - 0x000000005d082000 	C:\Program Files\Java\jdk1.8.0_40\jre\bin\msvcr100.dll
0x0000000056560000 - 0x0000000056de3000 	C:\Program Files\Java\jdk1.8.0_40\jre\bin\server\jvm.dll
0x000007fef4e60000 - 0x000007fef4e69000 	C:\Windows\system32\WSOCK32.dll
0x000007fefda10000 - 0x000007fefda5d000 	C:\Windows\system32\WS2_32.dll
0x000007feff710000 - 0x000007feff718000 	C:\Windows\system32\NSI.dll
0x000007fefb160000 - 0x000007fefb19b000 	C:\Windows\system32\WINMM.dll
0x000007fefc7f0000 - 0x000007fefc7fc000 	C:\Windows\system32\VERSION.dll
0x0000000077a60000 - 0x0000000077a67000 	C:\Windows\system32\PSAPI.DLL
0x0000000072fe0000 - 0x0000000072fef000 	C:\Program Files\Java\jdk1.8.0_40\jre\bin\verify.dll
0x000000005f460000 - 0x000000005f489000 	C:\Program Files\Java\jdk1.8.0_40\jre\bin\java.dll
0x000000005f220000 - 0x000000005f236000 	C:\Program Files\Java\jdk1.8.0_40\jre\bin\zip.dll
0x000007fefdbd0000 - 0x000007fefe959000 	C:\Windows\system32\SHELL32.dll
0x000007fefeb70000 - 0x000007fefed73000 	C:\Windows\system32\ole32.dll
0x000007fefd660000 - 0x000007fefd66f000 	C:\Windows\system32\profapi.dll

VM Arguments:
jvm_args: -Xmx1024M -Dfile.encoding=windows-1252 -Duser.country=ES -Duser.language=es -Duser.variant 
java_command: com.android.dx.command.Main --dex --output D:\Mis cosas\Universidad\Android\Guiame\trunk\app\build\intermediates\pre-dexed\debug\classes-ec00773b20d83febdf6a32b5911caf56de70909f.jar D:\Mis cosas\Universidad\Android\Guiame\trunk\app\build\intermediates\exploded-aar\com.google.android.gms\play-services\6.5.87\classes.jar
java_class_path (initial): C:\Program Files\Android\Android Studio\sdk\build-tools\22.0.0\lib\dx.jar
Launcher Type: SUN_STANDARD

Environment Variables:
JAVA_HOME=C:\Program Files\Java\jdk1.8.0_40;C:\Program Files\Java\jdk1.7.0_75
CLASSPATH=C:\Program Files\Android\Android Studio\sdk\SDK Manager.exe
USERNAME=Agustina
OS=Windows_NT
PROCESSOR_IDENTIFIER=AMD64 Family 16 Model 5 Stepping 3, AuthenticAMD



---------------  S Y S T E M  ---------------

OS: Windows 7 , 64 bit Build 7601 (6.1.7601.18409)

CPU:total 4 (4 cores per cpu, 1 threads per core) family 16 model 5 stepping 3, cmov, cx8, fxsr, mmx, sse, sse2, sse3, popcnt, mmxext, 3dnowpref, lzcnt, sse4a, tsc, tscinvbit, tscinv

Memory: 4k page, physical 4192732k(264716k free), swap 10202700k(511832k free)

vm_info: Java HotSpot(TM) 64-Bit Server VM (25.40-b25) for windows-amd64 JRE (1.8.0_40-b25), built on Feb 10 2015 21:53:57 by "java_re" with MS VC++ 10.0 (VS2010)

time: Sun Apr 05 00:28:57 2015
elapsed time: 17 seconds (0d 0h 0m 17s)

